<?xml version="1.0" encoding="UTF-8"?>
<testng-results skipped="0" failed="0" ignored="0" total="1" passed="1">
  <reporter-output>
  </reporter-output>
  <suite name="Default suite" duration-ms="14151" started-at="2019-03-06T17:00:13Z" finished-at="2019-03-06T17:00:28Z">
    <groups>
    </groups>
    <test name="Default test" duration-ms="14151" started-at="2019-03-06T17:00:13Z" finished-at="2019-03-06T17:00:28Z">
      <class name="com.qa.yt.keyword.test.LoginTest">
        <test-method status="PASS" signature="loginTest()[pri:0, instance:com.qa.yt.keyword.test.LoginTest@28d25987]" name="loginTest" duration-ms="14115" started-at="2019-03-06T17:00:13Z" finished-at="2019-03-06T17:00:28Z">
          <reporter-output>
          </reporter-output>
        </test-method> <!-- loginTest -->
      </class> <!-- com.qa.yt.keyword.test.LoginTest -->
    </test> <!-- Default test -->
  </suite> <!-- Default suite -->
</testng-results>
